{"timestamp": "2026-04-04T23:46:25.485149+00:00", "level": "INFO", "message": "App started"}
{"timestamp": "2026-04-04T23:46:42.845270+00:00", "level": "INFO", "message": "App started", "taskName": null}
{"timestamp": "2026-04-04T23:46:50.119486+00:00", "level": "INFO", "message": "App started", "taskName": null}
{"timestamp": "2026-04-04T23:50:04.643166+00:00", "level": "INFO", "message": "App started", "taskName": null}
{"timestamp": "2026-04-04T23:50:04.797008+00:00", "level": "INFO", "message": "App started", "taskName": null}
{"timestamp": "2026-04-04T23:50:13.755621+00:00", "level": "INFO", "message": "App started", "taskName": null}
{"timestamp": "2026-04-04T23:50:24.030242+00:00", "level": "INFO", "message": "App started", "taskName": null}
{"timestamp": "2026-04-04T23:50:24.182272+00:00", "level": "INFO", "message": "App started", "taskName": null}
{"timestamp": "2026-04-04T23:51:16.832503+00:00", "level": "INFO", "message": "App started", "taskName": null}
{"timestamp": "2026-04-04T23:51:26.196369+00:00", "level": "INFO", "message": "App started", "taskName": null}
{"timestamp": "2026-04-04T23:51:26.339683+00:00", "level": "INFO", "message": "App started", "taskName": null}
{"timestamp": "2026-04-04T23:51:30.386952+00:00", "level": "INFO", "message": "request", "taskName": null, "method": "GET", "path": "/metrics", "status": 200, "duration_ms": 210.8}
{"timestamp": "2026-04-04T23:51:30.426577+00:00", "level": "INFO", "message": "request", "taskName": null, "method": "GET", "path": "/health", "status": 200, "duration_ms": 0.11}
{"timestamp": "2026-04-04T23:51:30.451448+00:00", "level": "INFO", "message": "request", "taskName": null, "method": "GET", "path": "/logs", "status": 200, "duration_ms": 0.13}
{"timestamp": "2026-04-04T23:52:10.893375+00:00", "level": "INFO", "message": "App started"}
{"timestamp": "2026-04-05T01:30:48.334679+00:00", "level": "INFO", "message": "App started"}
{"timestamp": "2026-04-05T01:30:48.488628+00:00", "level": "INFO", "message": "App started"}
{"timestamp": "2026-04-05T01:30:52.197774+00:00", "level": "INFO", "message": "request", "method": "GET", "path": "/health", "status": 200, "duration_ms": 0.15}
{"timestamp": "2026-04-05T01:30:52.245224+00:00", "level": "WARNING", "message": "request", "method": "POST", "path": "/shorten", "status": 409, "duration_ms": 24.7}
{"timestamp": "2026-04-05T01:30:52.285238+00:00", "level": "INFO", "message": "request", "method": "GET", "path": "/urls", "status": 200, "duration_ms": 20.21}
{"timestamp": "2026-04-05T01:30:52.515352+00:00", "level": "INFO", "message": "request", "method": "GET", "path": "/metrics", "status": 200, "duration_ms": 210.46}
{"timestamp": "2026-04-05T01:30:52.536073+00:00", "level": "INFO", "message": "request", "method": "GET", "path": "/logs", "status": 200, "duration_ms": 0.07}
{"timestamp": "2026-04-05T01:33:37.166620+00:00", "level": "INFO", "message": "App started"}
{"timestamp": "2026-04-05T01:33:55.809309+00:00", "level": "INFO", "message": "App started"}
{"timestamp": "2026-04-05T01:33:55.942109+00:00", "level": "INFO", "message": "App started"}
{"timestamp": "2026-04-05T01:34:02.675260+00:00", "level": "WARNING", "message": "request", "method": "GET", "path": "/", "status": 404, "duration_ms": 0.26}
{"timestamp": "2026-04-05T01:34:03.244127+00:00", "level": "WARNING", "message": "request", "method": "GET", "path": "/favicon.ico", "status": 404, "duration_ms": 3.58}
{"timestamp": "2026-04-05T01:36:18.233584+00:00", "level": "INFO", "message": "request", "method": "GET", "path": "/health", "status": 200, "duration_ms": 0.11}
{"timestamp": "2026-04-05T01:36:18.778248+00:00", "level": "WARNING", "message": "request", "method": "GET", "path": "/favicon.ico", "status": 404, "duration_ms": 6.13}
{"timestamp": "2026-04-05T01:36:33.242511+00:00", "level": "WARNING", "message": "request", "method": "POST", "path": "/shorten", "status": 409, "duration_ms": 3.23}
{"timestamp": "2026-04-05T01:37:08.600054+00:00", "level": "INFO", "message": "App started"}
{"timestamp": "2026-04-05T01:38:29.420836+00:00", "level": "INFO", "message": "App started"}
{"timestamp": "2026-04-05T01:38:50.843172+00:00", "level": "INFO", "message": "request", "method": "POST", "path": "/shorten", "status": 201, "duration_ms": 8.76}
{"timestamp": "2026-04-05T01:39:04.724030+00:00", "level": "INFO", "message": "request", "method": "GET", "path": "/metrics", "status": 200, "duration_ms": 210.9}
{"timestamp": "2026-04-05T01:39:13.635791+00:00", "level": "INFO", "message": "request", "method": "GET", "path": "/logs", "status": 200, "duration_ms": 0.1}
{"timestamp": "2026-04-05T01:41:32.112602+00:00", "level": "INFO", "message": "App started"}
{"timestamp": "2026-04-05T01:41:36.318557+00:00", "level": "INFO", "message": "App started"}
{"timestamp": "2026-04-05T01:41:43.538956+00:00", "level": "INFO", "message": "App started"}
{"timestamp": "2026-04-05T01:42:09.749702+00:00", "level": "INFO", "message": "request", "method": "POST", "path": "/shorten", "status": 201, "duration_ms": 6.27}
{"timestamp": "2026-04-05T03:03:37.353723+00:00", "level": "INFO", "message": "Alerting monitor started", "base_url": "http://localhost:5001", "interval": 30}
{"timestamp": "2026-04-05T03:03:37.354359+00:00", "level": "INFO", "message": "App started"}
{"timestamp": "2026-04-05T03:03:37.472061+00:00", "level": "INFO", "message": "request", "method": "GET", "path": "/health", "status": 200, "duration_ms": 0.1}
{"timestamp": "2026-04-05T03:03:54.871081+00:00", "level": "INFO", "message": "Alerting monitor started", "base_url": "http://localhost:5001", "interval": 30}
{"timestamp": "2026-04-05T03:03:54.871442+00:00", "level": "INFO", "message": "App started"}
{"timestamp": "2026-04-05T03:03:54.908440+00:00", "level": "ERROR", "message": "Failed to send Discord alert", "exception": "Traceback (most recent call last):\n  File \"/Library/Frameworks/Python.framework/Versions/3.13/lib/python3.13/urllib/request.py\", line 1319, in do_open\n    h.request(req.get_method(), req.selector, req.data, headers,\n    ~~~~~~~~~^^^^^^^^^^^^^^^^^^^^^^^^^^^^^^^^^^^^^^^^^^^^^^^^^^^\n              encode_chunked=req.has_header('Transfer-encoding'))\n              ^^^^^^^^^^^^^^^^^^^^^^^^^^^^^^^^^^^^^^^^^^^^^^^^^^^\n  File \"/Library/Frameworks/Python.framework/Versions/3.13/lib/python3.13/http/client.py\", line 1336, in request\n    self._send_request(method, url, body, headers, encode_chunked)\n    ~~~~~~~~~~~~~~~~~~^^^^^^^^^^^^^^^^^^^^^^^^^^^^^^^^^^^^^^^^^^^^\n  File \"/Library/Frameworks/Python.framework/Versions/3.13/lib/python3.13/http/client.py\", line 1382, in _send_request\n    self.endheaders(body, encode_chunked=encode_chunked)\n    ~~~~~~~~~~~~~~~^^^^^^^^^^^^^^^^^^^^^^^^^^^^^^^^^^^^^\n  File \"/Library/Frameworks/Python.framework/Versions/3.13/lib/python3.13/http/client.py\", line 1331, in endheaders\n    self._send_output(message_body, encode_chunked=encode_chunked)\n    ~~~~~~~~~~~~~~~~~^^^^^^^^^^^^^^^^^^^^^^^^^^^^^^^^^^^^^^^^^^^^^\n  File \"/Library/Frameworks/Python.framework/Versions/3.13/lib/python3.13/http/client.py\", line 1091, in _send_output\n    self.send(msg)\n    ~~~~~~~~~^^^^^\n  File \"/Library/Frameworks/Python.framework/Versions/3.13/lib/python3.13/http/client.py\", line 1035, in send\n    self.connect()\n    ~~~~~~~~~~~~^^\n  File \"/Library/Frameworks/Python.framework/Versions/3.13/lib/python3.13/http/client.py\", line 1477, in connect\n    self.sock = self._context.wrap_socket(self.sock,\n                ~~~~~~~~~~~~~~~~~~~~~~~~~^^^^^^^^^^^\n                                          server_hostname=server_hostname)\n                                          ^^^^^^^^^^^^^^^^^^^^^^^^^^^^^^^^\n  File \"/Library/Frameworks/Python.framework/Versions/3.13/lib/python3.13/ssl.py\", line 455, in wrap_socket\n    return self.sslsocket_class._create(\n           ~~~~~~~~~~~~~~~~~~~~~~~~~~~~^\n        sock=sock,\n        ^^^^^^^^^^\n    ...<5 lines>...\n        session=session\n        ^^^^^^^^^^^^^^^\n    )\n    ^\n  File \"/Library/Frameworks/Python.framework/Versions/3.13/lib/python3.13/ssl.py\", line 1076, in _create\n    self.do_handshake()\n    ~~~~~~~~~~~~~~~~~^^\n  File \"/Library/Frameworks/Python.framework/Versions/3.13/lib/python3.13/ssl.py\", line 1372, in do_handshake\n    self._sslobj.do_handshake()\n    ~~~~~~~~~~~~~~~~~~~~~~~~~^^\nssl.SSLCertVerificationError: [SSL: CERTIFICATE_VERIFY_FAILED] certificate verify failed: unable to get local issuer certificate (_ssl.c:1018)\n\nDuring handling of the above exception, another exception occurred:\n\nTraceback (most recent call last):\n  File \"/Users/kiko/pe-watchtower/app/alerting.py\", line 45, in _send_discord\n    with urllib.request.urlopen(req, timeout=5) as resp:\n         ~~~~~~~~~~~~~~~~~~~~~~^^^^^^^^^^^^^^^^\n  File \"/Library/Frameworks/Python.framework/Versions/3.13/lib/python3.13/urllib/request.py\", line 189, in urlopen\n    return opener.open(url, data, timeout)\n           ~~~~~~~~~~~^^^^^^^^^^^^^^^^^^^^\n  File \"/Library/Frameworks/Python.framework/Versions/3.13/lib/python3.13/urllib/request.py\", line 489, in open\n    response = self._open(req, data)\n  File \"/Library/Frameworks/Python.framework/Versions/3.13/lib/python3.13/urllib/request.py\", line 506, in _open\n    result = self._call_chain(self.handle_open, protocol, protocol +\n                              '_open', req)\n  File \"/Library/Frameworks/Python.framework/Versions/3.13/lib/python3.13/urllib/request.py\", line 466, in _call_chain\n    result = func(*args)\n  File \"/Library/Frameworks/Python.framework/Versions/3.13/lib/python3.13/urllib/request.py\", line 1367, in https_open\n    return self.do_open(http.client.HTTPSConnection, req,\n           ~~~~~~~~~~~~^^^^^^^^^^^^^^^^^^^^^^^^^^^^^^^^^^\n                        context=self._context)\n                        ^^^^^^^^^^^^^^^^^^^^^^\n  File \"/Library/Frameworks/Python.framework/Versions/3.13/lib/python3.13/urllib/request.py\", line 1322, in do_open\n    raise URLError(err)\nurllib.error.URLError: <urlopen error [SSL: CERTIFICATE_VERIFY_FAILED] certificate verify failed: unable to get local issuer certificate (_ssl.c:1018)>"}
{"timestamp": "2026-04-05T03:03:54.914408+00:00", "level": "ERROR", "message": "Alert fired: service_down", "health_url": "http://localhost:5001/health", "reason": "<urlopen error [Errno 61] Connection refused>"}
{"timestamp": "2026-04-05T03:03:55.015986+00:00", "level": "INFO", "message": "Alerting monitor started", "base_url": "http://localhost:5001", "interval": 30}
{"timestamp": "2026-04-05T03:03:55.016404+00:00", "level": "INFO", "message": "App started"}
{"timestamp": "2026-04-05T03:03:55.068062+00:00", "level": "INFO", "message": "request", "method": "GET", "path": "/health", "status": 200, "duration_ms": 0.08}
{"timestamp": "2026-04-05T03:04:24.940066+00:00", "level": "INFO", "message": "request", "method": "GET", "path": "/health", "status": 200, "duration_ms": 0.16}
{"timestamp": "2026-04-05T03:04:25.087999+00:00", "level": "INFO", "message": "request", "method": "GET", "path": "/health", "status": 200, "duration_ms": 0.07}
{"timestamp": "2026-04-05T03:04:50.725385+00:00", "level": "INFO", "message": "App started"}
{"timestamp": "2026-04-05T03:04:54.987716+00:00", "level": "INFO", "message": "request", "method": "GET", "path": "/health", "status": 200, "duration_ms": 0.18}
{"timestamp": "2026-04-05T03:04:55.726938+00:00", "level": "INFO", "message": "Alerting monitor started", "base_url": "http://localhost:5001", "interval": 30}
{"timestamp": "2026-04-05T03:04:55.743247+00:00", "level": "INFO", "message": "request", "method": "GET", "path": "/health", "status": 200, "duration_ms": 0.07}
{"timestamp": "2026-04-05T03:05:01.111178+00:00", "level": "INFO", "message": "App started"}
{"timestamp": "2026-04-05T03:05:06.110466+00:00", "level": "INFO", "message": "Alerting monitor started", "base_url": "http://localhost:5001", "interval": 30}
{"timestamp": "2026-04-05T03:05:06.174241+00:00", "level": "INFO", "message": "request", "method": "GET", "path": "/health", "status": 200, "duration_ms": 0.18}
{"timestamp": "2026-04-05T03:05:25.011536+00:00", "level": "INFO", "message": "request", "method": "GET", "path": "/health", "status": 200, "duration_ms": 0.17}
{"timestamp": "2026-04-05T03:05:36.183838+00:00", "level": "INFO", "message": "request", "method": "GET", "path": "/health", "status": 200, "duration_ms": 0.06}
{"timestamp": "2026-04-05T03:05:45.568297+00:00", "level": "INFO", "message": "App started"}
{"timestamp": "2026-04-05T03:05:45.738130+00:00", "level": "INFO", "message": "App started"}
{"timestamp": "2026-04-05T03:05:50.571018+00:00", "level": "INFO", "message": "Alerting monitor started", "base_url": "http://localhost:5001", "interval": 30}
{"timestamp": "2026-04-05T03:05:50.617020+00:00", "level": "INFO", "message": "request", "method": "GET", "path": "/health", "status": 200, "duration_ms": 0.13}
{"timestamp": "2026-04-05T03:05:50.739784+00:00", "level": "INFO", "message": "Alerting monitor started", "base_url": "http://localhost:5001", "interval": 30}
{"timestamp": "2026-04-05T03:05:50.755831+00:00", "level": "INFO", "message": "request", "method": "GET", "path": "/health", "status": 200, "duration_ms": 0.08}
{"timestamp": "2026-04-05T03:06:06.692032+00:00", "level": "ERROR", "message": "request", "method": "GET", "path": "/debug/crash", "status": 500, "duration_ms": 0.09}
{"timestamp": "2026-04-05T03:06:06.711116+00:00", "level": "ERROR", "message": "request", "method": "GET", "path": "/debug/crash", "status": 500, "duration_ms": 0.06}
{"timestamp": "2026-04-05T03:06:06.728448+00:00", "level": "ERROR", "message": "request", "method": "GET", "path": "/debug/crash", "status": 500, "duration_ms": 0.04}
{"timestamp": "2026-04-05T03:06:06.742679+00:00", "level": "ERROR", "message": "request", "method": "GET", "path": "/debug/crash", "status": 500, "duration_ms": 0.03}
{"timestamp": "2026-04-05T03:06:06.755912+00:00", "level": "ERROR", "message": "request", "method": "GET", "path": "/debug/crash", "status": 500, "duration_ms": 0.04}
{"timestamp": "2026-04-05T03:06:06.769619+00:00", "level": "ERROR", "message": "request", "method": "GET", "path": "/debug/crash", "status": 500, "duration_ms": 0.03}
{"timestamp": "2026-04-05T03:06:06.783841+00:00", "level": "ERROR", "message": "request", "method": "GET", "path": "/debug/crash", "status": 500, "duration_ms": 0.03}
{"timestamp": "2026-04-05T03:06:06.797596+00:00", "level": "ERROR", "message": "request", "method": "GET", "path": "/debug/crash", "status": 500, "duration_ms": 0.04}
{"timestamp": "2026-04-05T03:06:06.810662+00:00", "level": "ERROR", "message": "request", "method": "GET", "path": "/debug/crash", "status": 500, "duration_ms": 0.03}
{"timestamp": "2026-04-05T03:06:06.823834+00:00", "level": "ERROR", "message": "request", "method": "GET", "path": "/debug/crash", "status": 500, "duration_ms": 0.03}
{"timestamp": "2026-04-05T03:06:11.513124+00:00", "level": "ERROR", "message": "request", "method": "GET", "path": "/debug/crash", "status": 500, "duration_ms": 0.07}
{"timestamp": "2026-04-05T03:06:11.534579+00:00", "level": "ERROR", "message": "request", "method": "GET", "path": "/debug/crash", "status": 500, "duration_ms": 0.05}
{"timestamp": "2026-04-05T03:06:11.550994+00:00", "level": "ERROR", "message": "request", "method": "GET", "path": "/debug/crash", "status": 500, "duration_ms": 0.04}
{"timestamp": "2026-04-05T03:06:11.567335+00:00", "level": "ERROR", "message": "request", "method": "GET", "path": "/debug/crash", "status": 500, "duration_ms": 0.04}
{"timestamp": "2026-04-05T03:06:11.583351+00:00", "level": "ERROR", "message": "request", "method": "GET", "path": "/debug/crash", "status": 500, "duration_ms": 0.04}
{"timestamp": "2026-04-05T03:06:11.599981+00:00", "level": "ERROR", "message": "request", "method": "GET", "path": "/debug/crash", "status": 500, "duration_ms": 0.04}
{"timestamp": "2026-04-05T03:06:11.617615+00:00", "level": "ERROR", "message": "request", "method": "GET", "path": "/debug/crash", "status": 500, "duration_ms": 0.04}
{"timestamp": "2026-04-05T03:06:11.633987+00:00", "level": "ERROR", "message": "request", "method": "GET", "path": "/debug/crash", "status": 500, "duration_ms": 0.03}
{"timestamp": "2026-04-05T03:06:11.648795+00:00", "level": "ERROR", "message": "request", "method": "GET", "path": "/debug/crash", "status": 500, "duration_ms": 0.03}
{"timestamp": "2026-04-05T03:06:11.663071+00:00", "level": "ERROR", "message": "request", "method": "GET", "path": "/debug/crash", "status": 500, "duration_ms": 0.03}
{"timestamp": "2026-04-05T03:06:20.645133+00:00", "level": "INFO", "message": "request", "method": "GET", "path": "/health", "status": 200, "duration_ms": 0.2}
{"timestamp": "2026-04-05T03:06:20.781041+00:00", "level": "INFO", "message": "request", "method": "GET", "path": "/health", "status": 200, "duration_ms": 0.1}
{"timestamp": "2026-04-05T03:06:21.007500+00:00", "level": "ERROR", "message": "Alert fired: high_error_rate", "error_count": 20, "total": 24, "rate": 0.83}
{"timestamp": "2026-04-05T03:06:50.692865+00:00", "level": "INFO", "message": "request", "method": "GET", "path": "/health", "status": 200, "duration_ms": 0.29}
{"timestamp": "2026-04-05T03:06:51.032950+00:00", "level": "INFO", "message": "request", "method": "GET", "path": "/health", "status": 200, "duration_ms": 0.09}
{"timestamp": "2026-04-05T03:07:20.715474+00:00", "level": "INFO", "message": "request", "method": "GET", "path": "/health", "status": 200, "duration_ms": 0.08}
{"timestamp": "2026-04-05T03:07:21.047230+00:00", "level": "INFO", "message": "request", "method": "GET", "path": "/health", "status": 200, "duration_ms": 0.07}
{"timestamp": "2026-04-05T03:07:50.734830+00:00", "level": "INFO", "message": "request", "method": "GET", "path": "/health", "status": 200, "duration_ms": 0.08}
{"timestamp": "2026-04-05T03:07:51.075402+00:00", "level": "INFO", "message": "request", "method": "GET", "path": "/health", "status": 200, "duration_ms": 0.12}
{"timestamp": "2026-04-05T03:08:20.771297+00:00", "level": "INFO", "message": "request", "method": "GET", "path": "/health", "status": 200, "duration_ms": 0.26}
{"timestamp": "2026-04-05T03:08:21.105359+00:00", "level": "INFO", "message": "request", "method": "GET", "path": "/health", "status": 200, "duration_ms": 0.13}
{"timestamp": "2026-04-05T03:08:24.530044+00:00", "level": "INFO", "message": "App started"}
{"timestamp": "2026-04-05T03:08:29.531488+00:00", "level": "INFO", "message": "Alerting monitor started", "base_url": "http://localhost:5001", "interval": 30}
{"timestamp": "2026-04-05T03:08:29.561081+00:00", "level": "INFO", "message": "request", "method": "GET", "path": "/health", "status": 200, "duration_ms": 0.13}
{"timestamp": "2026-04-05T03:08:50.807617+00:00", "level": "INFO", "message": "request", "method": "GET", "path": "/health", "status": 200, "duration_ms": 0.31}
{"timestamp": "2026-04-05T03:08:59.589458+00:00", "level": "INFO", "message": "request", "method": "GET", "path": "/health", "status": 200, "duration_ms": 0.15}
{"timestamp": "2026-04-05T03:09:20.847343+00:00", "level": "INFO", "message": "request", "method": "GET", "path": "/health", "status": 200, "duration_ms": 0.22}
{"timestamp": "2026-04-05T03:09:29.607649+00:00", "level": "INFO", "message": "request", "method": "GET", "path": "/health", "status": 200, "duration_ms": 0.08}
{"timestamp": "2026-04-05T03:09:50.876035+00:00", "level": "INFO", "message": "request", "method": "GET", "path": "/health", "status": 200, "duration_ms": 0.09}
{"timestamp": "2026-04-05T03:09:59.634827+00:00", "level": "INFO", "message": "request", "method": "GET", "path": "/health", "status": 200, "duration_ms": 0.18}
{"timestamp": "2026-04-05T03:11:14.121158+00:00", "level": "INFO", "message": "App started"}
{"timestamp": "2026-04-05T03:11:14.293176+00:00", "level": "INFO", "message": "App started"}
{"timestamp": "2026-04-05T03:11:19.125666+00:00", "level": "INFO", "message": "Alerting monitor started", "base_url": "http://localhost:5001", "interval": 30}
{"timestamp": "2026-04-05T03:11:19.172864+00:00", "level": "INFO", "message": "request", "method": "GET", "path": "/health", "status": 200, "duration_ms": 0.13}
{"timestamp": "2026-04-05T03:11:19.294668+00:00", "level": "INFO", "message": "Alerting monitor started", "base_url": "http://localhost:5001", "interval": 30}
{"timestamp": "2026-04-05T03:11:19.307878+00:00", "level": "INFO", "message": "request", "method": "GET", "path": "/health", "status": 200, "duration_ms": 0.1}
{"timestamp": "2026-04-05T03:11:33.245390+00:00", "level": "ERROR", "message": "request", "method": "GET", "path": "/debug/crash", "status": 500, "duration_ms": 0.07}
{"timestamp": "2026-04-05T03:11:33.261372+00:00", "level": "ERROR", "message": "request", "method": "GET", "path": "/debug/crash", "status": 500, "duration_ms": 0.04}
{"timestamp": "2026-04-05T03:11:33.276811+00:00", "level": "ERROR", "message": "request", "method": "GET", "path": "/debug/crash", "status": 500, "duration_ms": 0.04}
{"timestamp": "2026-04-05T03:11:33.291320+00:00", "level": "ERROR", "message": "request", "method": "GET", "path": "/debug/crash", "status": 500, "duration_ms": 0.04}
{"timestamp": "2026-04-05T03:11:33.305739+00:00", "level": "ERROR", "message": "request", "method": "GET", "path": "/debug/crash", "status": 500, "duration_ms": 0.04}
{"timestamp": "2026-04-05T03:11:33.320688+00:00", "level": "ERROR", "message": "request", "method": "GET", "path": "/debug/crash", "status": 500, "duration_ms": 0.05}
{"timestamp": "2026-04-05T03:11:33.335977+00:00", "level": "ERROR", "message": "request", "method": "GET", "path": "/debug/crash", "status": 500, "duration_ms": 0.05}
{"timestamp": "2026-04-05T03:11:33.351258+00:00", "level": "ERROR", "message": "request", "method": "GET", "path": "/debug/crash", "status": 500, "duration_ms": 0.05}
{"timestamp": "2026-04-05T03:11:33.366242+00:00", "level": "ERROR", "message": "request", "method": "GET", "path": "/debug/crash", "status": 500, "duration_ms": 0.04}
{"timestamp": "2026-04-05T03:11:33.381914+00:00", "level": "ERROR", "message": "request", "method": "GET", "path": "/debug/crash", "status": 500, "duration_ms": 0.03}
{"timestamp": "2026-04-05T03:11:49.214717+00:00", "level": "INFO", "message": "request", "method": "GET", "path": "/health", "status": 200, "duration_ms": 0.15}
{"timestamp": "2026-04-05T03:11:49.329842+00:00", "level": "INFO", "message": "request", "method": "GET", "path": "/health", "status": 200, "duration_ms": 0.1}
{"timestamp": "2026-04-05T03:11:49.527271+00:00", "level": "ERROR", "message": "Alert fired: high_error_rate", "error_count": 10, "total": 14, "rate": 0.71}
{"timestamp": "2026-04-05T03:48:50.445648+00:00", "level": "INFO", "message": "App started"}
{"timestamp": "2026-04-05T03:48:50.586263+00:00", "level": "INFO", "message": "App started"}
{"timestamp": "2026-04-05T03:48:55.451277+00:00", "level": "INFO", "message": "Alerting monitor started", "base_url": "http://localhost:5001", "interval": 30}
{"timestamp": "2026-04-05T03:48:55.591122+00:00", "level": "INFO", "message": "Alerting monitor started", "base_url": "http://localhost:5001", "interval": 30}
{"timestamp": "2026-04-05T03:48:55.749754+00:00", "level": "ERROR", "message": "Alert fired: service_down", "health_url": "http://localhost:5001/health", "reason": "500"}
{"timestamp": "2026-04-05T03:48:55.892542+00:00", "level": "ERROR", "message": "Alert fired: service_down", "health_url": "http://localhost:5001/health", "reason": "500"}
{"timestamp": "2026-04-05T03:51:03.421205+00:00", "level": "INFO", "message": "App started"}
{"timestamp": "2026-04-05T03:51:03.549768+00:00", "level": "INFO", "message": "App started"}
{"timestamp": "2026-04-05T03:51:06.426800+00:00", "level": "INFO", "message": "request", "method": "GET", "path": "/dashboard", "status": 302, "duration_ms": 0.38}
{"timestamp": "2026-04-05T03:51:06.445432+00:00", "level": "INFO", "message": "request", "method": "GET", "path": "/dashboard/login", "status": 200, "duration_ms": 3.51}
{"timestamp": "2026-04-05T03:51:08.427099+00:00", "level": "INFO", "message": "Alerting monitor started", "base_url": "http://localhost:5001", "interval": 30}
{"timestamp": "2026-04-05T03:51:08.453654+00:00", "level": "INFO", "message": "request", "method": "GET", "path": "/health", "status": 200, "duration_ms": 0.11}
{"timestamp": "2026-04-05T03:51:08.554851+00:00", "level": "INFO", "message": "Alerting monitor started", "base_url": "http://localhost:5001", "interval": 30}
{"timestamp": "2026-04-05T03:51:08.575210+00:00", "level": "INFO", "message": "request", "method": "GET", "path": "/health", "status": 200, "duration_ms": 0.1}
{"timestamp": "2026-04-05T03:51:13.293704+00:00", "level": "INFO", "message": "request", "method": "POST", "path": "/dashboard/login", "status": 302, "duration_ms": 2.16}
{"timestamp": "2026-04-05T03:51:13.315107+00:00", "level": "INFO", "message": "request", "method": "GET", "path": "/dashboard", "status": 200, "duration_ms": 5.59}
{"timestamp": "2026-04-05T03:51:13.341465+00:00", "level": "INFO", "message": "request", "method": "GET", "path": "/health", "status": 200, "duration_ms": 0.14}
{"timestamp": "2026-04-05T03:51:13.359620+00:00", "level": "INFO", "message": "request", "method": "GET", "path": "/logs", "status": 200, "duration_ms": 0.24}
{"timestamp": "2026-04-05T03:51:13.557704+00:00", "level": "INFO", "message": "request", "method": "GET", "path": "/metrics", "status": 200, "duration_ms": 206.65}
{"timestamp": "2026-04-05T03:51:18.349409+00:00", "level": "INFO", "message": "request", "method": "GET", "path": "/health", "status": 200, "duration_ms": 0.31}
{"timestamp": "2026-04-05T03:51:18.376121+00:00", "level": "INFO", "message": "request", "method": "GET", "path": "/logs", "status": 200, "duration_ms": 0.25}
{"timestamp": "2026-04-05T03:51:18.573858+00:00", "level": "INFO", "message": "request", "method": "GET", "path": "/metrics", "status": 200, "duration_ms": 208.2}
{"timestamp": "2026-04-05T03:51:23.346460+00:00", "level": "INFO", "message": "request", "method": "GET", "path": "/health", "status": 200, "duration_ms": 0.3}
{"timestamp": "2026-04-05T03:51:23.376363+00:00", "level": "INFO", "message": "request", "method": "GET", "path": "/logs", "status": 200, "duration_ms": 0.31}
{"timestamp": "2026-04-05T03:51:23.570950+00:00", "level": "INFO", "message": "request", "method": "GET", "path": "/metrics", "status": 200, "duration_ms": 210.21}
{"timestamp": "2026-04-05T03:51:28.852900+00:00", "level": "INFO", "message": "request", "method": "GET", "path": "/health", "status": 200, "duration_ms": 0.23}
{"timestamp": "2026-04-05T03:51:28.878737+00:00", "level": "INFO", "message": "request", "method": "GET", "path": "/logs", "status": 200, "duration_ms": 0.38}
{"timestamp": "2026-04-05T03:51:29.073384+00:00", "level": "INFO", "message": "request", "method": "GET", "path": "/metrics", "status": 200, "duration_ms": 207.86}
{"timestamp": "2026-04-05T03:51:33.853413+00:00", "level": "INFO", "message": "request", "method": "GET", "path": "/health", "status": 200, "duration_ms": 0.31}
{"timestamp": "2026-04-05T03:51:33.880779+00:00", "level": "INFO", "message": "request", "method": "GET", "path": "/logs", "status": 200, "duration_ms": 0.29}
{"timestamp": "2026-04-05T03:51:34.078766+00:00", "level": "INFO", "message": "request", "method": "GET", "path": "/metrics", "status": 200, "duration_ms": 209.22}
{"timestamp": "2026-04-05T03:51:38.347662+00:00", "level": "INFO", "message": "request", "method": "GET", "path": "/health", "status": 200, "duration_ms": 0.28}
{"timestamp": "2026-04-05T03:51:38.378794+00:00", "level": "INFO", "message": "request", "method": "GET", "path": "/logs", "status": 200, "duration_ms": 0.43}
{"timestamp": "2026-04-05T03:51:38.480432+00:00", "level": "INFO", "message": "request", "method": "GET", "path": "/health", "status": 200, "duration_ms": 0.32}
{"timestamp": "2026-04-05T03:51:38.571870+00:00", "level": "INFO", "message": "request", "method": "GET", "path": "/metrics", "status": 200, "duration_ms": 208.45}
{"timestamp": "2026-04-05T03:51:38.598048+00:00", "level": "INFO", "message": "request", "method": "GET", "path": "/health", "status": 200, "duration_ms": 0.36}
{"timestamp": "2026-04-05T03:51:43.346129+00:00", "level": "INFO", "message": "request", "method": "GET", "path": "/health", "status": 200, "duration_ms": 0.19}
{"timestamp": "2026-04-05T03:51:43.379635+00:00", "level": "INFO", "message": "request", "method": "GET", "path": "/logs", "status": 200, "duration_ms": 0.35}
{"timestamp": "2026-04-05T03:51:43.568904+00:00", "level": "INFO", "message": "request", "method": "GET", "path": "/metrics", "status": 200, "duration_ms": 211.04}
{"timestamp": "2026-04-05T03:51:48.849704+00:00", "level": "INFO", "message": "request", "method": "GET", "path": "/health", "status": 200, "duration_ms": 0.11}
{"timestamp": "2026-04-05T03:51:48.862176+00:00", "level": "INFO", "message": "request", "method": "GET", "path": "/logs", "status": 200, "duration_ms": 0.5}
{"timestamp": "2026-04-05T03:51:49.084435+00:00", "level": "INFO", "message": "request", "method": "GET", "path": "/metrics", "status": 200, "duration_ms": 211.22}
{"timestamp": "2026-04-05T03:51:53.347892+00:00", "level": "INFO", "message": "request", "method": "GET", "path": "/health", "status": 200, "duration_ms": 0.27}
{"timestamp": "2026-04-05T03:51:53.373670+00:00", "level": "INFO", "message": "request", "method": "GET", "path": "/logs", "status": 200, "duration_ms": 0.68}
{"timestamp": "2026-04-05T03:51:53.567425+00:00", "level": "INFO", "message": "request", "method": "GET", "path": "/metrics", "status": 200, "duration_ms": 206.99}
{"timestamp": "2026-04-05T03:51:58.856695+00:00", "level": "INFO", "message": "request", "method": "GET", "path": "/health", "status": 200, "duration_ms": 0.3}
{"timestamp": "2026-04-05T03:51:58.887182+00:00", "level": "INFO", "message": "request", "method": "GET", "path": "/logs", "status": 200, "duration_ms": 0.54}
{"timestamp": "2026-04-05T03:51:59.083041+00:00", "level": "INFO", "message": "request", "method": "GET", "path": "/metrics", "status": 200, "duration_ms": 211.06}
{"timestamp": "2026-04-05T03:52:03.850698+00:00", "level": "INFO", "message": "request", "method": "GET", "path": "/health", "status": 200, "duration_ms": 0.2}
{"timestamp": "2026-04-05T03:52:03.876551+00:00", "level": "INFO", "message": "request", "method": "GET", "path": "/logs", "status": 200, "duration_ms": 0.67}
{"timestamp": "2026-04-05T03:52:04.070410+00:00", "level": "INFO", "message": "request", "method": "GET", "path": "/metrics", "status": 200, "duration_ms": 207.76}
{"timestamp": "2026-04-05T03:52:08.502630+00:00", "level": "INFO", "message": "request", "method": "GET", "path": "/health", "status": 200, "duration_ms": 0.26}
{"timestamp": "2026-04-05T03:52:08.624661+00:00", "level": "INFO", "message": "request", "method": "GET", "path": "/health", "status": 200, "duration_ms": 0.28}
{"timestamp": "2026-04-05T03:52:08.852697+00:00", "level": "INFO", "message": "request", "method": "GET", "path": "/health", "status": 200, "duration_ms": 0.26}
{"timestamp": "2026-04-05T03:52:08.878810+00:00", "level": "INFO", "message": "request", "method": "GET", "path": "/logs", "status": 200, "duration_ms": 0.88}
{"timestamp": "2026-04-05T03:52:09.073483+00:00", "level": "INFO", "message": "request", "method": "GET", "path": "/metrics", "status": 200, "duration_ms": 207.88}
{"timestamp": "2026-04-05T03:52:13.853499+00:00", "level": "INFO", "message": "request", "method": "GET", "path": "/health", "status": 200, "duration_ms": 0.31}
{"timestamp": "2026-04-05T03:52:13.894938+00:00", "level": "INFO", "message": "request", "method": "GET", "path": "/logs", "status": 200, "duration_ms": 0.47}
{"timestamp": "2026-04-05T03:52:14.095229+00:00", "level": "INFO", "message": "request", "method": "GET", "path": "/metrics", "status": 200, "duration_ms": 211.01}
{"timestamp": "2026-04-05T03:52:18.852859+00:00", "level": "INFO", "message": "request", "method": "GET", "path": "/health", "status": 200, "duration_ms": 0.28}
{"timestamp": "2026-04-05T03:52:18.865954+00:00", "level": "INFO", "message": "request", "method": "GET", "path": "/logs", "status": 200, "duration_ms": 0.91}
{"timestamp": "2026-04-05T03:52:19.084724+00:00", "level": "INFO", "message": "request", "method": "GET", "path": "/metrics", "status": 200, "duration_ms": 205.76}
{"timestamp": "2026-04-05T03:52:23.851165+00:00", "level": "INFO", "message": "request", "method": "GET", "path": "/health", "status": 200, "duration_ms": 0.11}
{"timestamp": "2026-04-05T03:52:23.870583+00:00", "level": "INFO", "message": "request", "method": "GET", "path": "/logs", "status": 200, "duration_ms": 0.61}
{"timestamp": "2026-04-05T03:52:24.072183+00:00", "level": "INFO", "message": "request", "method": "GET", "path": "/metrics", "status": 200, "duration_ms": 211.23}
{"timestamp": "2026-04-05T03:52:28.850844+00:00", "level": "INFO", "message": "request", "method": "GET", "path": "/health", "status": 200, "duration_ms": 0.12}
{"timestamp": "2026-04-05T03:52:28.870585+00:00", "level": "INFO", "message": "request", "method": "GET", "path": "/logs", "status": 200, "duration_ms": 0.63}
{"timestamp": "2026-04-05T03:52:29.068148+00:00", "level": "INFO", "message": "request", "method": "GET", "path": "/metrics", "status": 200, "duration_ms": 207.62}
{"timestamp": "2026-04-05T03:52:33.852626+00:00", "level": "INFO", "message": "request", "method": "GET", "path": "/health", "status": 200, "duration_ms": 0.25}
{"timestamp": "2026-04-05T03:52:33.879237+00:00", "level": "INFO", "message": "request", "method": "GET", "path": "/logs", "status": 200, "duration_ms": 0.95}
{"timestamp": "2026-04-05T03:52:34.075658+00:00", "level": "INFO", "message": "request", "method": "GET", "path": "/metrics", "status": 200, "duration_ms": 210.96}
{"timestamp": "2026-04-05T03:52:38.524146+00:00", "level": "INFO", "message": "request", "method": "GET", "path": "/health", "status": 200, "duration_ms": 0.27}
{"timestamp": "2026-04-05T03:52:38.648218+00:00", "level": "INFO", "message": "request", "method": "GET", "path": "/health", "status": 200, "duration_ms": 0.25}
{"timestamp": "2026-04-05T03:52:38.853553+00:00", "level": "INFO", "message": "request", "method": "GET", "path": "/health", "status": 200, "duration_ms": 0.27}
{"timestamp": "2026-04-05T03:52:38.880171+00:00", "level": "INFO", "message": "request", "method": "GET", "path": "/logs", "status": 200, "duration_ms": 1.53}
{"timestamp": "2026-04-05T03:52:39.073074+00:00", "level": "INFO", "message": "request", "method": "GET", "path": "/metrics", "status": 200, "duration_ms": 206.76}
{"timestamp": "2026-04-05T03:52:43.851517+00:00", "level": "INFO", "message": "request", "method": "GET", "path": "/health", "status": 200, "duration_ms": 0.25}
{"timestamp": "2026-04-05T03:52:43.879180+00:00", "level": "INFO", "message": "request", "method": "GET", "path": "/logs", "status": 200, "duration_ms": 0.7}
{"timestamp": "2026-04-05T03:52:44.075378+00:00", "level": "INFO", "message": "request", "method": "GET", "path": "/metrics", "status": 200, "duration_ms": 211.23}
{"timestamp": "2026-04-05T03:52:48.853688+00:00", "level": "INFO", "message": "request", "method": "GET", "path": "/health", "status": 200, "duration_ms": 0.29}
{"timestamp": "2026-04-05T03:52:48.881008+00:00", "level": "INFO", "message": "request", "method": "GET", "path": "/logs", "status": 200, "duration_ms": 0.76}
{"timestamp": "2026-04-05T03:52:49.076190+00:00", "level": "INFO", "message": "request", "method": "GET", "path": "/metrics", "status": 200, "duration_ms": 208.87}
{"timestamp": "2026-04-05T03:52:53.852532+00:00", "level": "INFO", "message": "request", "method": "GET", "path": "/health", "status": 200, "duration_ms": 0.26}
{"timestamp": "2026-04-05T03:52:53.878146+00:00", "level": "INFO", "message": "request", "method": "GET", "path": "/logs", "status": 200, "duration_ms": 1.13}
{"timestamp": "2026-04-05T03:52:54.072351+00:00", "level": "INFO", "message": "request", "method": "GET", "path": "/metrics", "status": 200, "duration_ms": 207.98}
{"timestamp": "2026-04-05T03:53:08.550458+00:00", "level": "INFO", "message": "request", "method": "GET", "path": "/health", "status": 200, "duration_ms": 0.2}
{"timestamp": "2026-04-05T03:53:08.674881+00:00", "level": "INFO", "message": "request", "method": "GET", "path": "/health", "status": 200, "duration_ms": 0.28}
{"timestamp": "2026-04-05T03:53:24.860969+00:00", "level": "INFO", "message": "request", "method": "GET", "path": "/health", "status": 200, "duration_ms": 0.16}
{"timestamp": "2026-04-05T03:53:24.888775+00:00", "level": "INFO", "message": "request", "method": "GET", "path": "/logs", "status": 200, "duration_ms": 1.06}
{"timestamp": "2026-04-05T03:53:25.086438+00:00", "level": "INFO", "message": "request", "method": "GET", "path": "/metrics", "status": 200, "duration_ms": 211.24}
{"timestamp": "2026-04-05T03:53:38.580118+00:00", "level": "INFO", "message": "request", "method": "GET", "path": "/health", "status": 200, "duration_ms": 0.3}
{"timestamp": "2026-04-05T03:53:38.700498+00:00", "level": "INFO", "message": "request", "method": "GET", "path": "/health", "status": 200, "duration_ms": 0.28}
{"timestamp": "2026-04-05T03:54:08.606486+00:00", "level": "INFO", "message": "request", "method": "GET", "path": "/health", "status": 200, "duration_ms": 0.28}
{"timestamp": "2026-04-05T03:54:08.724623+00:00", "level": "INFO", "message": "request", "method": "GET", "path": "/health", "status": 200, "duration_ms": 0.11}
{"timestamp": "2026-04-05T03:54:24.874108+00:00", "level": "INFO", "message": "request", "method": "GET", "path": "/health", "status": 200, "duration_ms": 0.13}
{"timestamp": "2026-04-05T03:54:24.890473+00:00", "level": "INFO", "message": "request", "method": "GET", "path": "/logs", "status": 200, "duration_ms": 2.71}
{"timestamp": "2026-04-05T03:54:25.111377+00:00", "level": "INFO", "message": "request", "method": "GET", "path": "/metrics", "status": 200, "duration_ms": 208.9}
{"timestamp": "2026-04-05T03:54:38.635247+00:00", "level": "INFO", "message": "request", "method": "GET", "path": "/health", "status": 200, "duration_ms": 0.26}
{"timestamp": "2026-04-05T03:54:38.749817+00:00", "level": "INFO", "message": "request", "method": "GET", "path": "/health", "status": 200, "duration_ms": 0.22}
{"timestamp": "2026-04-05T03:55:08.658943+00:00", "level": "INFO", "message": "request", "method": "GET", "path": "/health", "status": 200, "duration_ms": 0.27}
{"timestamp": "2026-04-05T03:55:08.775865+00:00", "level": "INFO", "message": "request", "method": "GET", "path": "/health", "status": 200, "duration_ms": 0.72}
{"timestamp": "2026-04-05T03:55:24.870121+00:00", "level": "INFO", "message": "request", "method": "GET", "path": "/health", "status": 200, "duration_ms": 0.13}
{"timestamp": "2026-04-05T03:55:24.899111+00:00", "level": "INFO", "message": "request", "method": "GET", "path": "/logs", "status": 200, "duration_ms": 1.1}
{"timestamp": "2026-04-05T03:55:25.094942+00:00", "level": "INFO", "message": "request", "method": "GET", "path": "/metrics", "status": 200, "duration_ms": 208.23}
{"timestamp": "2026-04-05T03:55:38.685057+00:00", "level": "INFO", "message": "request", "method": "GET", "path": "/health", "status": 200, "duration_ms": 0.29}
{"timestamp": "2026-04-05T03:55:38.806281+00:00", "level": "INFO", "message": "request", "method": "GET", "path": "/health", "status": 200, "duration_ms": 0.29}
{"timestamp": "2026-04-05T03:56:08.711076+00:00", "level": "INFO", "message": "request", "method": "GET", "path": "/health", "status": 200, "duration_ms": 0.31}
{"timestamp": "2026-04-05T03:56:08.830364+00:00", "level": "INFO", "message": "request", "method": "GET", "path": "/health", "status": 200, "duration_ms": 0.22}
{"timestamp": "2026-04-05T03:56:24.872629+00:00", "level": "INFO", "message": "request", "method": "GET", "path": "/health", "status": 200, "duration_ms": 0.15}
{"timestamp": "2026-04-05T03:56:24.895848+00:00", "level": "INFO", "message": "request", "method": "GET", "path": "/logs", "status": 200, "duration_ms": 0.91}
{"timestamp": "2026-04-05T03:56:25.096669+00:00", "level": "INFO", "message": "request", "method": "GET", "path": "/metrics", "status": 200, "duration_ms": 211.33}
{"timestamp": "2026-04-05T03:56:38.734529+00:00", "level": "INFO", "message": "request", "method": "GET", "path": "/health", "status": 200, "duration_ms": 0.27}
{"timestamp": "2026-04-05T03:56:38.856573+00:00", "level": "INFO", "message": "request", "method": "GET", "path": "/health", "status": 200, "duration_ms": 0.26}
{"timestamp": "2026-04-05T03:57:08.759922+00:00", "level": "INFO", "message": "request", "method": "GET", "path": "/health", "status": 200, "duration_ms": 0.27}
{"timestamp": "2026-04-05T03:57:08.882119+00:00", "level": "INFO", "message": "request", "method": "GET", "path": "/health", "status": 200, "duration_ms": 0.71}
{"timestamp": "2026-04-05T03:57:24.863769+00:00", "level": "INFO", "message": "request", "method": "GET", "path": "/health", "status": 200, "duration_ms": 0.12}
{"timestamp": "2026-04-05T03:57:24.882931+00:00", "level": "INFO", "message": "request", "method": "GET", "path": "/logs", "status": 200, "duration_ms": 0.74}
{"timestamp": "2026-04-05T03:57:25.084694+00:00", "level": "INFO", "message": "request", "method": "GET", "path": "/metrics", "status": 200, "duration_ms": 210.91}
{"timestamp": "2026-04-05T03:57:27.834941+00:00", "level": "INFO", "message": "request", "method": "GET", "path": "/dashboard", "status": 200, "duration_ms": 6.42}
{"timestamp": "2026-04-05T03:57:27.856701+00:00", "level": "INFO", "message": "request", "method": "GET", "path": "/health", "status": 200, "duration_ms": 0.11}
{"timestamp": "2026-04-05T03:57:27.880785+00:00", "level": "INFO", "message": "request", "method": "GET", "path": "/logs", "status": 200, "duration_ms": 1.66}
{"timestamp": "2026-04-05T03:57:28.075069+00:00", "level": "INFO", "message": "request", "method": "GET", "path": "/metrics", "status": 200, "duration_ms": 208.03}
{"timestamp": "2026-04-05T03:57:32.863128+00:00", "level": "INFO", "message": "request", "method": "GET", "path": "/health", "status": 200, "duration_ms": 0.33}
{"timestamp": "2026-04-05T03:57:32.894643+00:00", "level": "INFO", "message": "request", "method": "GET", "path": "/logs", "status": 200, "duration_ms": 1.68}
{"timestamp": "2026-04-05T03:57:33.084230+00:00", "level": "INFO", "message": "request", "method": "GET", "path": "/metrics", "status": 200, "duration_ms": 206.11}
{"timestamp": "2026-04-05T03:57:37.865414+00:00", "level": "INFO", "message": "request", "method": "GET", "path": "/health", "status": 200, "duration_ms": 0.27}
{"timestamp": "2026-04-05T03:57:37.892424+00:00", "level": "INFO", "message": "request", "method": "GET", "path": "/logs", "status": 200, "duration_ms": 1.72}
{"timestamp": "2026-04-05T03:57:38.089503+00:00", "level": "INFO", "message": "request", "method": "GET", "path": "/metrics", "status": 200, "duration_ms": 211.51}
{"timestamp": "2026-04-05T03:57:38.787828+00:00", "level": "INFO", "message": "request", "method": "GET", "path": "/health", "status": 200, "duration_ms": 0.31}
{"timestamp": "2026-04-05T03:57:38.909065+00:00", "level": "INFO", "message": "request", "method": "GET", "path": "/health", "status": 200, "duration_ms": 0.28}
{"timestamp": "2026-04-05T03:57:42.866490+00:00", "level": "INFO", "message": "request", "method": "GET", "path": "/health", "status": 200, "duration_ms": 0.77}
{"timestamp": "2026-04-05T03:57:42.897038+00:00", "level": "INFO", "message": "request", "method": "GET", "path": "/logs", "status": 200, "duration_ms": 1.71}
{"timestamp": "2026-04-05T03:57:43.091806+00:00", "level": "INFO", "message": "request", "method": "GET", "path": "/metrics", "status": 200, "duration_ms": 211.27}
{"timestamp": "2026-04-05T03:57:47.865877+00:00", "level": "INFO", "message": "request", "method": "GET", "path": "/health", "status": 200, "duration_ms": 0.34}
{"timestamp": "2026-04-05T03:57:47.892635+00:00", "level": "INFO", "message": "request", "method": "GET", "path": "/logs", "status": 200, "duration_ms": 1.79}
{"timestamp": "2026-04-05T03:57:48.083793+00:00", "level": "INFO", "message": "request", "method": "GET", "path": "/metrics", "status": 200, "duration_ms": 205.38}
{"timestamp": "2026-04-05T03:57:52.864954+00:00", "level": "INFO", "message": "request", "method": "GET", "path": "/health", "status": 200, "duration_ms": 0.26}
{"timestamp": "2026-04-05T03:57:52.892241+00:00", "level": "INFO", "message": "request", "method": "GET", "path": "/logs", "status": 200, "duration_ms": 1.82}
{"timestamp": "2026-04-05T03:57:53.080415+00:00", "level": "INFO", "message": "request", "method": "GET", "path": "/metrics", "status": 200, "duration_ms": 202.73}
{"timestamp": "2026-04-05T03:57:55.943186+00:00", "level": "INFO", "message": "request", "method": "GET", "path": "/dashboard", "status": 200, "duration_ms": 0.3}
{"timestamp": "2026-04-05T03:57:55.960391+00:00", "level": "INFO", "message": "request", "method": "GET", "path": "/health", "status": 200, "duration_ms": 0.07}
{"timestamp": "2026-04-05T03:57:55.977204+00:00", "level": "INFO", "message": "request", "method": "GET", "path": "/logs", "status": 200, "duration_ms": 0.73}
{"timestamp": "2026-04-05T03:57:56.178282+00:00", "level": "INFO", "message": "request", "method": "GET", "path": "/metrics", "status": 200, "duration_ms": 209.31}
{"timestamp": "2026-04-05T03:58:08.813792+00:00", "level": "INFO", "message": "request", "method": "GET", "path": "/health", "status": 200, "duration_ms": 0.29}
{"timestamp": "2026-04-05T03:58:08.935130+00:00", "level": "INFO", "message": "request", "method": "GET", "path": "/health", "status": 200, "duration_ms": 0.13}
{"timestamp": "2026-04-05T03:58:38.845659+00:00", "level": "INFO", "message": "request", "method": "GET", "path": "/health", "status": 200, "duration_ms": 0.34}
{"timestamp": "2026-04-05T03:58:38.959244+00:00", "level": "INFO", "message": "request", "method": "GET", "path": "/health", "status": 200, "duration_ms": 0.16}
{"timestamp": "2026-04-05T03:58:41.144758+00:00", "level": "INFO", "message": "request", "method": "GET", "path": "/dashboard/login", "status": 200, "duration_ms": 3.18}
{"timestamp": "2026-04-05T03:58:48.585308+00:00", "level": "INFO", "message": "request", "method": "POST", "path": "/dashboard/login", "status": 302, "duration_ms": 0.98}
{"timestamp": "2026-04-05T03:58:48.603000+00:00", "level": "INFO", "message": "request", "method": "GET", "path": "/dashboard", "status": 200, "duration_ms": 1.01}
{"timestamp": "2026-04-05T03:58:48.635444+00:00", "level": "INFO", "message": "request", "method": "GET", "path": "/health", "status": 200, "duration_ms": 0.28}
{"timestamp": "2026-04-05T03:58:48.663621+00:00", "level": "INFO", "message": "request", "method": "GET", "path": "/logs", "status": 200, "duration_ms": 1.88}
{"timestamp": "2026-04-05T03:58:48.857029+00:00", "level": "INFO", "message": "request", "method": "GET", "path": "/metrics", "status": 200, "duration_ms": 209.24}
{"timestamp": "2026-04-05T03:58:53.633673+00:00", "level": "INFO", "message": "request", "method": "GET", "path": "/health", "status": 200, "duration_ms": 0.32}
{"timestamp": "2026-04-05T03:58:53.649328+00:00", "level": "INFO", "message": "request", "method": "GET", "path": "/logs", "status": 200, "duration_ms": 2.06}
{"timestamp": "2026-04-05T03:58:53.870865+00:00", "level": "INFO", "message": "request", "method": "GET", "path": "/metrics", "status": 200, "duration_ms": 206.59}
{"timestamp": "2026-04-05T03:58:58.633293+00:00", "level": "INFO", "message": "request", "method": "GET", "path": "/health", "status": 200, "duration_ms": 0.28}
{"timestamp": "2026-04-05T03:58:58.659876+00:00", "level": "INFO", "message": "request", "method": "GET", "path": "/logs", "status": 200, "duration_ms": 1.98}
{"timestamp": "2026-04-05T03:58:58.854425+00:00", "level": "INFO", "message": "request", "method": "GET", "path": "/metrics", "status": 200, "duration_ms": 208.97}
{"timestamp": "2026-04-05T03:59:03.631627+00:00", "level": "INFO", "message": "request", "method": "GET", "path": "/health", "status": 200, "duration_ms": 0.26}
{"timestamp": "2026-04-05T03:59:03.659749+00:00", "level": "INFO", "message": "request", "method": "GET", "path": "/logs", "status": 200, "duration_ms": 2.16}
{"timestamp": "2026-04-05T03:59:03.851964+00:00", "level": "INFO", "message": "request", "method": "GET", "path": "/metrics", "status": 200, "duration_ms": 207.26}
{"timestamp": "2026-04-05T03:59:08.632588+00:00", "level": "INFO", "message": "request", "method": "GET", "path": "/health", "status": 200, "duration_ms": 0.29}
{"timestamp": "2026-04-05T03:59:08.660722+00:00", "level": "INFO", "message": "request", "method": "GET", "path": "/logs", "status": 200, "duration_ms": 2.11}
{"timestamp": "2026-04-05T03:59:08.853148+00:00", "level": "INFO", "message": "request", "method": "GET", "path": "/metrics", "status": 200, "duration_ms": 207.38}
{"timestamp": "2026-04-05T03:59:08.873496+00:00", "level": "INFO", "message": "request", "method": "GET", "path": "/health", "status": 200, "duration_ms": 0.25}
{"timestamp": "2026-04-05T03:59:08.984830+00:00", "level": "INFO", "message": "request", "method": "GET", "path": "/health", "status": 200, "duration_ms": 0.28}
{"timestamp": "2026-04-05T03:59:13.630563+00:00", "level": "INFO", "message": "request", "method": "GET", "path": "/health", "status": 200, "duration_ms": 0.09}
{"timestamp": "2026-04-05T03:59:13.651129+00:00", "level": "INFO", "message": "request", "method": "GET", "path": "/logs", "status": 200, "duration_ms": 1.14}
{"timestamp": "2026-04-05T03:59:13.851473+00:00", "level": "INFO", "message": "request", "method": "GET", "path": "/metrics", "status": 200, "duration_ms": 210.73}
{"timestamp": "2026-04-05T03:59:18.634300+00:00", "level": "INFO", "message": "request", "method": "GET", "path": "/health", "status": 200, "duration_ms": 0.29}
{"timestamp": "2026-04-05T03:59:18.663619+00:00", "level": "INFO", "message": "request", "method": "GET", "path": "/logs", "status": 200, "duration_ms": 2.15}
{"timestamp": "2026-04-05T03:59:18.858232+00:00", "level": "INFO", "message": "request", "method": "GET", "path": "/metrics", "status": 200, "duration_ms": 210.0}
{"timestamp": "2026-04-05T03:59:23.856323+00:00", "level": "INFO", "message": "request", "method": "GET", "path": "/health", "status": 200, "duration_ms": 0.36}
{"timestamp": "2026-04-05T03:59:23.886793+00:00", "level": "INFO", "message": "request", "method": "GET", "path": "/logs", "status": 200, "duration_ms": 1.87}
{"timestamp": "2026-04-05T03:59:24.078891+00:00", "level": "INFO", "message": "request", "method": "GET", "path": "/metrics", "status": 200, "duration_ms": 208.4}
{"timestamp": "2026-04-05T03:59:28.859661+00:00", "level": "INFO", "message": "request", "method": "GET", "path": "/health", "status": 200, "duration_ms": 0.27}
{"timestamp": "2026-04-05T03:59:28.889411+00:00", "level": "INFO", "message": "request", "method": "GET", "path": "/logs", "status": 200, "duration_ms": 1.99}
{"timestamp": "2026-04-05T03:59:29.084112+00:00", "level": "INFO", "message": "request", "method": "GET", "path": "/metrics", "status": 200, "duration_ms": 210.32}
{"timestamp": "2026-04-05T03:59:33.852052+00:00", "level": "INFO", "message": "request", "method": "GET", "path": "/health", "status": 200, "duration_ms": 0.22}
{"timestamp": "2026-04-05T03:59:33.894422+00:00", "level": "INFO", "message": "request", "method": "GET", "path": "/logs", "status": 200, "duration_ms": 2.48}
{"timestamp": "2026-04-05T03:59:34.076274+00:00", "level": "INFO", "message": "request", "method": "GET", "path": "/metrics", "status": 200, "duration_ms": 211.19}
{"timestamp": "2026-04-05T03:59:38.845671+00:00", "level": "INFO", "message": "request", "method": "GET", "path": "/health", "status": 200, "duration_ms": 0.16}
{"timestamp": "2026-04-05T03:59:38.871359+00:00", "level": "INFO", "message": "request", "method": "GET", "path": "/logs", "status": 200, "duration_ms": 2.33}
{"timestamp": "2026-04-05T03:59:38.886907+00:00", "level": "INFO", "message": "request", "method": "GET", "path": "/health", "status": 200, "duration_ms": 0.28}
{"timestamp": "2026-04-05T03:59:39.000431+00:00", "level": "INFO", "message": "request", "method": "GET", "path": "/health", "status": 200, "duration_ms": 0.26}
{"timestamp": "2026-04-05T03:59:39.066297+00:00", "level": "INFO", "message": "request", "method": "GET", "path": "/metrics", "status": 200, "duration_ms": 209.91}
{"timestamp": "2026-04-05T03:59:43.839538+00:00", "level": "INFO", "message": "request", "method": "GET", "path": "/health", "status": 200, "duration_ms": 0.26}
{"timestamp": "2026-04-05T03:59:43.864881+00:00", "level": "INFO", "message": "request", "method": "GET", "path": "/logs", "status": 200, "duration_ms": 2.51}
{"timestamp": "2026-04-05T03:59:44.060803+00:00", "level": "INFO", "message": "request", "method": "GET", "path": "/metrics", "status": 200, "duration_ms": 209.74}
{"timestamp": "2026-04-05T03:59:48.835893+00:00", "level": "INFO", "message": "request", "method": "GET", "path": "/health", "status": 200, "duration_ms": 0.16}
{"timestamp": "2026-04-05T03:59:48.856690+00:00", "level": "INFO", "message": "request", "method": "GET", "path": "/logs", "status": 200, "duration_ms": 1.13}
{"timestamp": "2026-04-05T03:59:49.057322+00:00", "level": "INFO", "message": "request", "method": "GET", "path": "/metrics", "status": 200, "duration_ms": 210.83}
{"timestamp": "2026-04-05T03:59:53.615601+00:00", "level": "INFO", "message": "request", "method": "GET", "path": "/health", "status": 200, "duration_ms": 0.3}
{"timestamp": "2026-04-05T03:59:53.645300+00:00", "level": "INFO", "message": "request", "method": "GET", "path": "/logs", "status": 200, "duration_ms": 2.7}
{"timestamp": "2026-04-05T03:59:53.840836+00:00", "level": "INFO", "message": "request", "method": "GET", "path": "/metrics", "status": 200, "duration_ms": 211.28}
{"timestamp": "2026-04-05T03:59:58.612282+00:00", "level": "INFO", "message": "request", "method": "GET", "path": "/health", "status": 200, "duration_ms": 0.31}
{"timestamp": "2026-04-05T03:59:58.639207+00:00", "level": "INFO", "message": "request", "method": "GET", "path": "/logs", "status": 200, "duration_ms": 2.49}
{"timestamp": "2026-04-05T03:59:58.833644+00:00", "level": "INFO", "message": "request", "method": "GET", "path": "/metrics", "status": 200, "duration_ms": 209.26}
{"timestamp": "2026-04-05T04:00:03.609054+00:00", "level": "INFO", "message": "request", "method": "GET", "path": "/health", "status": 200, "duration_ms": 0.27}
{"timestamp": "2026-04-05T04:00:03.639715+00:00", "level": "INFO", "message": "request", "method": "GET", "path": "/logs", "status": 200, "duration_ms": 2.56}
{"timestamp": "2026-04-05T04:00:03.829209+00:00", "level": "INFO", "message": "request", "method": "GET", "path": "/metrics", "status": 200, "duration_ms": 206.91}
{"timestamp": "2026-04-05T04:00:08.608434+00:00", "level": "INFO", "message": "request", "method": "GET", "path": "/health", "status": 200, "duration_ms": 0.79}
{"timestamp": "2026-04-05T04:00:08.636576+00:00", "level": "INFO", "message": "request", "method": "GET", "path": "/logs", "status": 200, "duration_ms": 2.59}
{"timestamp": "2026-04-05T04:00:08.827411+00:00", "level": "INFO", "message": "request", "method": "GET", "path": "/metrics", "status": 200, "duration_ms": 206.49}
{"timestamp": "2026-04-05T04:00:08.899138+00:00", "level": "INFO", "message": "request", "method": "GET", "path": "/health", "status": 200, "duration_ms": 0.29}
{"timestamp": "2026-04-05T04:00:09.011700+00:00", "level": "INFO", "message": "request", "method": "GET", "path": "/health", "status": 200, "duration_ms": 0.3}
{"timestamp": "2026-04-05T04:00:13.607678+00:00", "level": "INFO", "message": "request", "method": "GET", "path": "/health", "status": 200, "duration_ms": 0.29}
{"timestamp": "2026-04-05T04:00:13.633345+00:00", "level": "INFO", "message": "request", "method": "GET", "path": "/logs", "status": 200, "duration_ms": 2.41}
{"timestamp": "2026-04-05T04:00:13.827006+00:00", "level": "INFO", "message": "request", "method": "GET", "path": "/metrics", "status": 200, "duration_ms": 207.41}
{"timestamp": "2026-04-05T04:00:18.609284+00:00", "level": "INFO", "message": "request", "method": "GET", "path": "/health", "status": 200, "duration_ms": 0.27}
{"timestamp": "2026-04-05T04:00:18.637213+00:00", "level": "INFO", "message": "request", "method": "GET", "path": "/logs", "status": 200, "duration_ms": 2.62}
{"timestamp": "2026-04-05T04:00:18.830530+00:00", "level": "INFO", "message": "request", "method": "GET", "path": "/metrics", "status": 200, "duration_ms": 208.66}
{"timestamp": "2026-04-05T04:00:23.608051+00:00", "level": "INFO", "message": "request", "method": "GET", "path": "/health", "status": 200, "duration_ms": 0.3}
{"timestamp": "2026-04-05T04:00:23.635805+00:00", "level": "INFO", "message": "request", "method": "GET", "path": "/logs", "status": 200, "duration_ms": 2.6}
{"timestamp": "2026-04-05T04:00:23.831064+00:00", "level": "INFO", "message": "request", "method": "GET", "path": "/metrics", "status": 200, "duration_ms": 210.47}
{"timestamp": "2026-04-05T04:00:28.609762+00:00", "level": "INFO", "message": "request", "method": "GET", "path": "/health", "status": 200, "duration_ms": 0.31}
{"timestamp": "2026-04-05T04:00:28.638487+00:00", "level": "INFO", "message": "request", "method": "GET", "path": "/logs", "status": 200, "duration_ms": 2.62}
{"timestamp": "2026-04-05T04:00:28.835195+00:00", "level": "INFO", "message": "request", "method": "GET", "path": "/metrics", "status": 200, "duration_ms": 211.53}
{"timestamp": "2026-04-05T04:00:33.609242+00:00", "level": "INFO", "message": "request", "method": "GET", "path": "/health", "status": 200, "duration_ms": 0.25}
{"timestamp": "2026-04-05T04:00:33.637328+00:00", "level": "INFO", "message": "request", "method": "GET", "path": "/logs", "status": 200, "duration_ms": 2.7}
{"timestamp": "2026-04-05T04:00:33.831608+00:00", "level": "INFO", "message": "request", "method": "GET", "path": "/metrics", "status": 200, "duration_ms": 209.5}
{"timestamp": "2026-04-05T04:00:38.609069+00:00", "level": "INFO", "message": "request", "method": "GET", "path": "/health", "status": 200, "duration_ms": 0.3}
{"timestamp": "2026-04-05T04:00:38.637286+00:00", "level": "INFO", "message": "request", "method": "GET", "path": "/logs", "status": 200, "duration_ms": 2.72}
{"timestamp": "2026-04-05T04:00:38.829308+00:00", "level": "INFO", "message": "request", "method": "GET", "path": "/metrics", "status": 200, "duration_ms": 207.0}
{"timestamp": "2026-04-05T04:00:38.919102+00:00", "level": "INFO", "message": "request", "method": "GET", "path": "/health", "status": 200, "duration_ms": 0.27}
{"timestamp": "2026-04-05T04:00:39.037528+00:00", "level": "INFO", "message": "request", "method": "GET", "path": "/health", "status": 200, "duration_ms": 0.39}
{"timestamp": "2026-04-05T04:00:43.829719+00:00", "level": "INFO", "message": "request", "method": "GET", "path": "/health", "status": 200, "duration_ms": 0.3}
{"timestamp": "2026-04-05T04:00:43.858580+00:00", "level": "INFO", "message": "request", "method": "GET", "path": "/logs", "status": 200, "duration_ms": 2.42}
{"timestamp": "2026-04-05T04:00:44.048354+00:00", "level": "INFO", "message": "request", "method": "GET", "path": "/metrics", "status": 200, "duration_ms": 205.52}
{"timestamp": "2026-04-05T04:00:48.828395+00:00", "level": "INFO", "message": "request", "method": "GET", "path": "/health", "status": 200, "duration_ms": 0.24}
{"timestamp": "2026-04-05T04:00:48.856388+00:00", "level": "INFO", "message": "request", "method": "GET", "path": "/logs", "status": 200, "duration_ms": 1.68}
{"timestamp": "2026-04-05T04:00:49.043985+00:00", "level": "INFO", "message": "request", "method": "GET", "path": "/metrics", "status": 200, "duration_ms": 203.01}
{"timestamp": "2026-04-05T04:00:53.828434+00:00", "level": "INFO", "message": "request", "method": "GET", "path": "/health", "status": 200, "duration_ms": 0.31}
{"timestamp": "2026-04-05T04:00:53.857094+00:00", "level": "INFO", "message": "request", "method": "GET", "path": "/logs", "status": 200, "duration_ms": 1.96}
{"timestamp": "2026-04-05T04:00:54.047328+00:00", "level": "INFO", "message": "request", "method": "GET", "path": "/metrics", "status": 200, "duration_ms": 205.98}
{"timestamp": "2026-04-05T04:00:58.825393+00:00", "level": "INFO", "message": "request", "method": "GET", "path": "/health", "status": 200, "duration_ms": 0.11}
{"timestamp": "2026-04-05T04:00:58.847864+00:00", "level": "INFO", "message": "request", "method": "GET", "path": "/logs", "status": 200, "duration_ms": 1.63}
{"timestamp": "2026-04-05T04:00:59.042563+00:00", "level": "INFO", "message": "request", "method": "GET", "path": "/metrics", "status": 200, "duration_ms": 207.01}
{"timestamp": "2026-04-05T04:01:03.827280+00:00", "level": "INFO", "message": "request", "method": "GET", "path": "/health", "status": 200, "duration_ms": 0.21}
{"timestamp": "2026-04-05T04:01:03.856100+00:00", "level": "INFO", "message": "request", "method": "GET", "path": "/logs", "status": 200, "duration_ms": 1.94}
{"timestamp": "2026-04-05T04:01:04.049182+00:00", "level": "INFO", "message": "request", "method": "GET", "path": "/metrics", "status": 200, "duration_ms": 209.46}
{"timestamp": "2026-04-05T04:01:08.827916+00:00", "level": "INFO", "message": "request", "method": "GET", "path": "/health", "status": 200, "duration_ms": 0.28}
{"timestamp": "2026-04-05T04:01:08.855955+00:00", "level": "INFO", "message": "request", "method": "GET", "path": "/logs", "status": 200, "duration_ms": 1.66}
{"timestamp": "2026-04-05T04:01:08.943336+00:00", "level": "INFO", "message": "request", "method": "GET", "path": "/health", "status": 200, "duration_ms": 0.25}
{"timestamp": "2026-04-05T04:01:09.046320+00:00", "level": "INFO", "message": "request", "method": "GET", "path": "/metrics", "status": 200, "duration_ms": 205.79}
{"timestamp": "2026-04-05T04:01:09.057523+00:00", "level": "INFO", "message": "request", "method": "GET", "path": "/health", "status": 200, "duration_ms": 0.08}
{"timestamp": "2026-04-05T04:01:13.825594+00:00", "level": "INFO", "message": "request", "method": "GET", "path": "/health", "status": 200, "duration_ms": 0.13}
{"timestamp": "2026-04-05T04:01:13.846215+00:00", "level": "INFO", "message": "request", "method": "GET", "path": "/logs", "status": 200, "duration_ms": 1.7}
{"timestamp": "2026-04-05T04:01:14.040009+00:00", "level": "INFO", "message": "request", "method": "GET", "path": "/metrics", "status": 200, "duration_ms": 204.36}
{"timestamp": "2026-04-05T04:01:18.827076+00:00", "level": "INFO", "message": "request", "method": "GET", "path": "/health", "status": 200, "duration_ms": 0.22}
{"timestamp": "2026-04-05T04:01:18.855289+00:00", "level": "INFO", "message": "request", "method": "GET", "path": "/logs", "status": 200, "duration_ms": 1.76}
{"timestamp": "2026-04-05T04:01:19.050146+00:00", "level": "INFO", "message": "request", "method": "GET", "path": "/metrics", "status": 200, "duration_ms": 209.61}
{"timestamp": "2026-04-05T04:01:23.828571+00:00", "level": "INFO", "message": "request", "method": "GET", "path": "/health", "status": 200, "duration_ms": 0.3}
{"timestamp": "2026-04-05T04:01:23.855101+00:00", "level": "INFO", "message": "request", "method": "GET", "path": "/logs", "status": 200, "duration_ms": 2.09}
{"timestamp": "2026-04-05T04:01:24.049428+00:00", "level": "INFO", "message": "request", "method": "GET", "path": "/metrics", "status": 200, "duration_ms": 208.8}
{"timestamp": "2026-04-05T04:01:28.826506+00:00", "level": "INFO", "message": "request", "method": "GET", "path": "/health", "status": 200, "duration_ms": 0.25}
{"timestamp": "2026-04-05T04:01:28.856477+00:00", "level": "INFO", "message": "request", "method": "GET", "path": "/logs", "status": 200, "duration_ms": 1.92}
{"timestamp": "2026-04-05T04:01:29.051467+00:00", "level": "INFO", "message": "request", "method": "GET", "path": "/metrics", "status": 200, "duration_ms": 209.37}
{"timestamp": "2026-04-05T04:01:33.825923+00:00", "level": "INFO", "message": "request", "method": "GET", "path": "/health", "status": 200, "duration_ms": 0.27}
{"timestamp": "2026-04-05T04:01:33.853067+00:00", "level": "INFO", "message": "request", "method": "GET", "path": "/logs", "status": 200, "duration_ms": 1.77}
{"timestamp": "2026-04-05T04:01:34.045915+00:00", "level": "INFO", "message": "request", "method": "GET", "path": "/metrics", "status": 200, "duration_ms": 207.27}
{"timestamp": "2026-04-05T04:01:38.827499+00:00", "level": "INFO", "message": "request", "method": "GET", "path": "/health", "status": 200, "duration_ms": 0.31}
{"timestamp": "2026-04-05T04:01:38.855525+00:00", "level": "INFO", "message": "request", "method": "GET", "path": "/logs", "status": 200, "duration_ms": 2.12}
{"timestamp": "2026-04-05T04:01:38.967538+00:00", "level": "INFO", "message": "request", "method": "GET", "path": "/health", "status": 200, "duration_ms": 0.16}
{"timestamp": "2026-04-05T04:01:39.050848+00:00", "level": "INFO", "message": "request", "method": "GET", "path": "/metrics", "status": 200, "duration_ms": 211.33}
{"timestamp": "2026-04-05T04:01:39.082244+00:00", "level": "INFO", "message": "request", "method": "GET", "path": "/health", "status": 200, "duration_ms": 0.28}
{"timestamp": "2026-04-05T04:01:51.491586+00:00", "level": "INFO", "message": "request", "method": "GET", "path": "/health", "status": 200, "duration_ms": 0.75}
{"timestamp": "2026-04-05T04:01:51.531329+00:00", "level": "INFO", "message": "request", "method": "GET", "path": "/logs", "status": 200, "duration_ms": 2.24}
{"timestamp": "2026-04-05T04:01:51.723919+00:00", "level": "INFO", "message": "request", "method": "GET", "path": "/metrics", "status": 200, "duration_ms": 211.13}
{"timestamp": "2026-04-05T04:01:53.606733+00:00", "level": "INFO", "message": "request", "method": "GET", "path": "/health", "status": 200, "duration_ms": 0.31}
{"timestamp": "2026-04-05T04:01:53.635179+00:00", "level": "INFO", "message": "request", "method": "GET", "path": "/logs", "status": 200, "duration_ms": 2.64}
{"timestamp": "2026-04-05T04:01:53.830626+00:00", "level": "INFO", "message": "request", "method": "GET", "path": "/metrics", "status": 200, "duration_ms": 211.0}
{"timestamp": "2026-04-05T04:01:58.607795+00:00", "level": "INFO", "message": "request", "method": "GET", "path": "/health", "status": 200, "duration_ms": 0.31}
{"timestamp": "2026-04-05T04:01:58.638254+00:00", "level": "INFO", "message": "request", "method": "GET", "path": "/logs", "status": 200, "duration_ms": 2.61}
{"timestamp": "2026-04-05T04:01:58.829247+00:00", "level": "INFO", "message": "request", "method": "GET", "path": "/metrics", "status": 200, "duration_ms": 206.81}
{"timestamp": "2026-04-05T04:02:03.827847+00:00", "level": "INFO", "message": "request", "method": "GET", "path": "/health", "status": 200, "duration_ms": 0.3}
{"timestamp": "2026-04-05T04:02:03.852724+00:00", "level": "INFO", "message": "request", "method": "GET", "path": "/logs", "status": 200, "duration_ms": 2.47}
{"timestamp": "2026-04-05T04:02:04.075891+00:00", "level": "INFO", "message": "request", "method": "GET", "path": "/metrics", "status": 200, "duration_ms": 211.13}
{"timestamp": "2026-04-05T04:02:08.827974+00:00", "level": "INFO", "message": "request", "method": "GET", "path": "/health", "status": 200, "duration_ms": 0.25}
{"timestamp": "2026-04-05T04:02:08.855150+00:00", "level": "INFO", "message": "request", "method": "GET", "path": "/logs", "status": 200, "duration_ms": 2.64}
{"timestamp": "2026-04-05T04:02:08.993877+00:00", "level": "INFO", "message": "request", "method": "GET", "path": "/health", "status": 200, "duration_ms": 0.28}
{"timestamp": "2026-04-05T04:02:09.050389+00:00", "level": "INFO", "message": "request", "method": "GET", "path": "/metrics", "status": 200, "duration_ms": 209.33}
{"timestamp": "2026-04-05T04:02:09.104483+00:00", "level": "INFO", "message": "request", "method": "GET", "path": "/health", "status": 200, "duration_ms": 0.22}
{"timestamp": "2026-04-05T04:02:13.820384+00:00", "level": "INFO", "message": "request", "method": "GET", "path": "/health", "status": 200, "duration_ms": 0.09}
{"timestamp": "2026-04-05T04:02:13.836311+00:00", "level": "INFO", "message": "request", "method": "GET", "path": "/logs", "status": 200, "duration_ms": 0.97}
{"timestamp": "2026-04-05T04:02:14.037535+00:00", "level": "INFO", "message": "request", "method": "GET", "path": "/metrics", "status": 200, "duration_ms": 209.75}
{"timestamp": "2026-04-05T04:02:18.829025+00:00", "level": "INFO", "message": "request", "method": "GET", "path": "/health", "status": 200, "duration_ms": 0.25}
{"timestamp": "2026-04-05T04:02:18.855853+00:00", "level": "INFO", "message": "request", "method": "GET", "path": "/logs", "status": 200, "duration_ms": 2.24}
{"timestamp": "2026-04-05T04:02:19.052701+00:00", "level": "INFO", "message": "request", "method": "GET", "path": "/metrics", "status": 200, "duration_ms": 210.86}
{"timestamp": "2026-04-05T04:02:23.828903+00:00", "level": "INFO", "message": "request", "method": "GET", "path": "/health", "status": 200, "duration_ms": 0.27}
{"timestamp": "2026-04-05T04:02:23.854182+00:00", "level": "INFO", "message": "request", "method": "GET", "path": "/logs", "status": 200, "duration_ms": 2.12}
{"timestamp": "2026-04-05T04:02:24.052081+00:00", "level": "INFO", "message": "request", "method": "GET", "path": "/metrics", "status": 200, "duration_ms": 210.28}
